2022-02-25 12:59:04,228 [Worker-2: Loading available Gradle versions] INFO  o.e.b.c.i.u.g.PublishedGradleVersions - Gradle version information cache is up-to-date. Trying to read.
2022-02-25 13:00:25,260 [Worker-9: Importing Maven projects] INFO  o.e.m.c.i.l.LifecycleMappingFactory - Using org.eclipse.m2e.jdt.JarLifecycleMapping lifecycle mapping for MavenProject: com.ecommerce:ShoppingWebsite:0.0.1-SNAPSHOT @ G:\Git\ShoppingWebsite\ShoppingWebsite\pom.xml.
2022-02-25 13:00:29,586 [Worker-9: Importing Maven projects] INFO  o.e.m.j.i.AbstractJavaProjectConfigurator - Adding source folder /ShoppingWebsite/src/main/java
2022-02-25 13:00:29,587 [Worker-9: Importing Maven projects] INFO  o.e.m.j.i.AbstractJavaProjectConfigurator - Adding resource folder /ShoppingWebsite/src/main/resources
2022-02-25 13:00:29,588 [Worker-9: Importing Maven projects] INFO  o.e.m.j.i.AbstractJavaProjectConfigurator - Adding resource folder /ShoppingWebsite/src/main/resources
2022-02-25 13:00:29,591 [Worker-9: Importing Maven projects] INFO  o.e.m.j.i.AbstractJavaProjectConfigurator - Adding source folder /ShoppingWebsite/src/test/java
2022-02-25 13:00:30,984 [Worker-9: Importing Maven projects] INFO  o.e.m.c.i.p.ProjectConfigurationManager - Imported and configured 1 project(s) in 16 sec
2022-02-25 13:00:36,077 [Worker-4: Building] INFO  o.e.m.c.i.embedder.EclipseLogger - Using 'UTF-8' encoding to copy filtered resources.
2022-02-25 13:00:36,077 [Worker-4: Building] INFO  o.e.m.c.i.embedder.EclipseLogger - Using 'UTF-8' encoding to copy filtered properties files.
2022-02-25 13:00:36,085 [Worker-4: Building] INFO  o.e.m.c.i.embedder.EclipseLogger - Copying 1 resource
2022-02-25 13:00:36,301 [Worker-4: Building] INFO  o.e.m.c.i.embedder.EclipseLogger - Copying 13 resources
2022-02-25 13:00:40,144 [Worker-4: Building] INFO  o.e.m.c.i.embedder.EclipseLogger - Using 'UTF-8' encoding to copy filtered resources.
2022-02-25 13:00:40,144 [Worker-4: Building] INFO  o.e.m.c.i.embedder.EclipseLogger - Using 'UTF-8' encoding to copy filtered properties files.
2022-02-25 13:00:40,145 [Worker-4: Building] INFO  o.e.m.c.i.embedder.EclipseLogger - skip non existing resourceDirectory G:\Git\ShoppingWebsite\ShoppingWebsite\src\test\resources
2022-02-25 13:00:41,257 [Worker-9: Building] INFO  o.e.m.c.i.embedder.EclipseLogger - Using 'UTF-8' encoding to copy filtered resources.
2022-02-25 13:00:41,257 [Worker-9: Building] INFO  o.e.m.c.i.embedder.EclipseLogger - Using 'UTF-8' encoding to copy filtered properties files.
2022-02-25 13:00:41,258 [Worker-9: Building] INFO  o.e.m.c.i.embedder.EclipseLogger - Copying 0 resource
2022-02-25 13:00:41,259 [Worker-9: Building] INFO  o.e.m.c.i.embedder.EclipseLogger - Copying 0 resource
2022-02-25 13:00:41,263 [Worker-9: Building] INFO  o.e.m.c.i.embedder.EclipseLogger - Using 'UTF-8' encoding to copy filtered resources.
2022-02-25 13:00:41,264 [Worker-9: Building] INFO  o.e.m.c.i.embedder.EclipseLogger - Using 'UTF-8' encoding to copy filtered properties files.
2022-02-25 13:00:41,264 [Worker-9: Building] INFO  o.e.m.c.i.embedder.EclipseLogger - skip non existing resourceDirectory G:\Git\ShoppingWebsite\ShoppingWebsite\src\test\resources
2022-02-25 15:42:16,813 [Worker-2: Loading available Gradle versions] INFO  o.e.b.c.i.u.g.PublishedGradleVersions - Gradle version information cache is up-to-date. Trying to read.
2022-02-25 16:06:21,926 [Worker-19: Building] INFO  o.e.m.c.i.embedder.EclipseLogger - Using 'UTF-8' encoding to copy filtered resources.
2022-02-25 16:06:21,926 [Worker-19: Building] INFO  o.e.m.c.i.embedder.EclipseLogger - Using 'UTF-8' encoding to copy filtered properties files.
2022-02-25 16:06:21,930 [Worker-19: Building] INFO  o.e.m.c.i.embedder.EclipseLogger - Copying 1 resource
2022-02-25 16:06:21,951 [Worker-19: Building] INFO  o.e.m.c.i.embedder.EclipseLogger - Copying 13 resources
2022-02-25 16:06:21,958 [Worker-19: Building] INFO  o.e.m.c.i.embedder.EclipseLogger - Using 'UTF-8' encoding to copy filtered resources.
2022-02-25 16:06:21,959 [Worker-19: Building] INFO  o.e.m.c.i.embedder.EclipseLogger - Using 'UTF-8' encoding to copy filtered properties files.
2022-02-25 16:06:21,959 [Worker-19: Building] INFO  o.e.m.c.i.embedder.EclipseLogger - skip non existing resourceDirectory G:\Git\ShoppingWebsite\ShoppingWebsite\src\test\resources
2022-02-25 16:16:50,912 [Worker-18: Building] INFO  o.e.m.c.i.embedder.EclipseLogger - Using 'UTF-8' encoding to copy filtered resources.
2022-02-25 16:16:50,926 [Worker-18: Building] INFO  o.e.m.c.i.embedder.EclipseLogger - Using 'UTF-8' encoding to copy filtered properties files.
2022-02-25 16:16:50,927 [Worker-18: Building] INFO  o.e.m.c.i.embedder.EclipseLogger - Copying 0 resource
2022-02-25 16:16:50,928 [Worker-18: Building] INFO  o.e.m.c.i.embedder.EclipseLogger - Copying 0 resource
2022-02-25 16:16:50,931 [Worker-18: Building] INFO  o.e.m.c.i.embedder.EclipseLogger - Using 'UTF-8' encoding to copy filtered resources.
2022-02-25 16:16:50,931 [Worker-18: Building] INFO  o.e.m.c.i.embedder.EclipseLogger - Using 'UTF-8' encoding to copy filtered properties files.
2022-02-25 16:16:50,931 [Worker-18: Building] INFO  o.e.m.c.i.embedder.EclipseLogger - skip non existing resourceDirectory G:\Git\ShoppingWebsite\ShoppingWebsite\src\test\resources
2022-02-25 16:16:58,516 [Worker-23: Building] INFO  o.e.m.c.i.embedder.EclipseLogger - Using 'UTF-8' encoding to copy filtered resources.
2022-02-25 16:16:58,516 [Worker-23: Building] INFO  o.e.m.c.i.embedder.EclipseLogger - Using 'UTF-8' encoding to copy filtered properties files.
2022-02-25 16:16:58,517 [Worker-23: Building] INFO  o.e.m.c.i.embedder.EclipseLogger - Copying 0 resource
2022-02-25 16:16:58,518 [Worker-23: Building] INFO  o.e.m.c.i.embedder.EclipseLogger - Copying 0 resource
2022-02-25 16:16:58,523 [Worker-23: Building] INFO  o.e.m.c.i.embedder.EclipseLogger - Using 'UTF-8' encoding to copy filtered resources.
2022-02-25 16:16:58,524 [Worker-23: Building] INFO  o.e.m.c.i.embedder.EclipseLogger - Using 'UTF-8' encoding to copy filtered properties files.
2022-02-25 16:16:58,524 [Worker-23: Building] INFO  o.e.m.c.i.embedder.EclipseLogger - skip non existing resourceDirectory G:\Git\ShoppingWebsite\ShoppingWebsite\src\test\resources
2022-02-25 16:17:33,053 [Worker-21: Building] INFO  o.e.m.c.i.embedder.EclipseLogger - Using 'UTF-8' encoding to copy filtered resources.
2022-02-25 16:17:33,054 [Worker-21: Building] INFO  o.e.m.c.i.embedder.EclipseLogger - Using 'UTF-8' encoding to copy filtered properties files.
2022-02-25 16:17:33,057 [Worker-21: Building] INFO  o.e.m.c.i.embedder.EclipseLogger - Copying 1 resource
2022-02-25 16:17:33,096 [Worker-21: Building] INFO  o.e.m.c.i.embedder.EclipseLogger - Copying 13 resources
2022-02-25 16:17:33,104 [Worker-21: Building] INFO  o.e.m.c.i.embedder.EclipseLogger - Using 'UTF-8' encoding to copy filtered resources.
2022-02-25 16:17:33,104 [Worker-21: Building] INFO  o.e.m.c.i.embedder.EclipseLogger - Using 'UTF-8' encoding to copy filtered properties files.
2022-02-25 16:17:33,104 [Worker-21: Building] INFO  o.e.m.c.i.embedder.EclipseLogger - skip non existing resourceDirectory G:\Git\ShoppingWebsite\ShoppingWebsite\src\test\resources
2022-02-25 16:22:17,676 [Worker-22: Building] INFO  o.e.m.c.i.embedder.EclipseLogger - Using 'UTF-8' encoding to copy filtered resources.
2022-02-25 16:22:17,676 [Worker-22: Building] INFO  o.e.m.c.i.embedder.EclipseLogger - Using 'UTF-8' encoding to copy filtered properties files.
2022-02-25 16:22:17,678 [Worker-22: Building] INFO  o.e.m.c.i.embedder.EclipseLogger - Copying 1 resource
2022-02-25 16:22:17,693 [Worker-22: Building] INFO  o.e.m.c.i.embedder.EclipseLogger - Copying 13 resources
2022-02-25 16:22:17,699 [Worker-22: Building] INFO  o.e.m.c.i.embedder.EclipseLogger - Using 'UTF-8' encoding to copy filtered resources.
2022-02-25 16:22:17,699 [Worker-22: Building] INFO  o.e.m.c.i.embedder.EclipseLogger - Using 'UTF-8' encoding to copy filtered properties files.
2022-02-25 16:22:17,699 [Worker-22: Building] INFO  o.e.m.c.i.embedder.EclipseLogger - skip non existing resourceDirectory G:\Git\ShoppingWebsite\ShoppingWebsite\src\test\resources
2022-02-25 16:28:21,777 [Worker-21: Building] INFO  o.e.m.c.i.embedder.EclipseLogger - Using 'UTF-8' encoding to copy filtered resources.
2022-02-25 16:28:21,777 [Worker-21: Building] INFO  o.e.m.c.i.embedder.EclipseLogger - Using 'UTF-8' encoding to copy filtered properties files.
2022-02-25 16:28:21,780 [Worker-21: Building] INFO  o.e.m.c.i.embedder.EclipseLogger - Copying 1 resource
2022-02-25 16:28:21,793 [Worker-21: Building] INFO  o.e.m.c.i.embedder.EclipseLogger - Copying 13 resources
2022-02-25 16:28:21,798 [Worker-21: Building] INFO  o.e.m.c.i.embedder.EclipseLogger - Using 'UTF-8' encoding to copy filtered resources.
2022-02-25 16:28:21,798 [Worker-21: Building] INFO  o.e.m.c.i.embedder.EclipseLogger - Using 'UTF-8' encoding to copy filtered properties files.
2022-02-25 16:28:21,798 [Worker-21: Building] INFO  o.e.m.c.i.embedder.EclipseLogger - skip non existing resourceDirectory G:\Git\ShoppingWebsite\ShoppingWebsite\src\test\resources
2022-02-25 16:36:15,276 [Worker-25: Building] INFO  o.e.m.c.i.embedder.EclipseLogger - Using 'UTF-8' encoding to copy filtered resources.
2022-02-25 16:36:15,276 [Worker-25: Building] INFO  o.e.m.c.i.embedder.EclipseLogger - Using 'UTF-8' encoding to copy filtered properties files.
2022-02-25 16:36:15,277 [Worker-25: Building] INFO  o.e.m.c.i.embedder.EclipseLogger - Copying 1 resource
2022-02-25 16:36:15,288 [Worker-25: Building] INFO  o.e.m.c.i.embedder.EclipseLogger - Copying 13 resources
2022-02-25 16:36:15,295 [Worker-25: Building] INFO  o.e.m.c.i.embedder.EclipseLogger - Using 'UTF-8' encoding to copy filtered resources.
2022-02-25 16:36:15,295 [Worker-25: Building] INFO  o.e.m.c.i.embedder.EclipseLogger - Using 'UTF-8' encoding to copy filtered properties files.
2022-02-25 16:36:15,295 [Worker-25: Building] INFO  o.e.m.c.i.embedder.EclipseLogger - skip non existing resourceDirectory G:\Git\ShoppingWebsite\ShoppingWebsite\src\test\resources
2022-02-25 16:36:59,564 [Worker-18: Building] INFO  o.e.m.c.i.embedder.EclipseLogger - Using 'UTF-8' encoding to copy filtered resources.
2022-02-25 16:36:59,564 [Worker-18: Building] INFO  o.e.m.c.i.embedder.EclipseLogger - Using 'UTF-8' encoding to copy filtered properties files.
2022-02-25 16:36:59,565 [Worker-18: Building] INFO  o.e.m.c.i.embedder.EclipseLogger - Copying 1 resource
2022-02-25 16:36:59,577 [Worker-18: Building] INFO  o.e.m.c.i.embedder.EclipseLogger - Copying 13 resources
2022-02-25 16:36:59,587 [Worker-18: Building] INFO  o.e.m.c.i.embedder.EclipseLogger - Using 'UTF-8' encoding to copy filtered resources.
2022-02-25 16:36:59,587 [Worker-18: Building] INFO  o.e.m.c.i.embedder.EclipseLogger - Using 'UTF-8' encoding to copy filtered properties files.
2022-02-25 16:36:59,587 [Worker-18: Building] INFO  o.e.m.c.i.embedder.EclipseLogger - skip non existing resourceDirectory G:\Git\ShoppingWebsite\ShoppingWebsite\src\test\resources
2022-02-25 16:52:31,948 [Worker-28: Building] INFO  o.e.m.c.i.embedder.EclipseLogger - Using 'UTF-8' encoding to copy filtered resources.
2022-02-25 16:52:31,948 [Worker-28: Building] INFO  o.e.m.c.i.embedder.EclipseLogger - Using 'UTF-8' encoding to copy filtered properties files.
2022-02-25 16:52:31,950 [Worker-28: Building] INFO  o.e.m.c.i.embedder.EclipseLogger - Copying 1 resource
2022-02-25 16:52:31,961 [Worker-28: Building] INFO  o.e.m.c.i.embedder.EclipseLogger - Copying 13 resources
2022-02-25 16:52:31,966 [Worker-28: Building] INFO  o.e.m.c.i.embedder.EclipseLogger - Using 'UTF-8' encoding to copy filtered resources.
2022-02-25 16:52:31,967 [Worker-28: Building] INFO  o.e.m.c.i.embedder.EclipseLogger - Using 'UTF-8' encoding to copy filtered properties files.
2022-02-25 16:52:31,967 [Worker-28: Building] INFO  o.e.m.c.i.embedder.EclipseLogger - skip non existing resourceDirectory G:\Git\ShoppingWebsite\ShoppingWebsite\src\test\resources
2022-02-25 17:14:44,036 [Worker-38: Building] INFO  o.e.m.c.i.embedder.EclipseLogger - Using 'UTF-8' encoding to copy filtered resources.
2022-02-25 17:14:44,036 [Worker-38: Building] INFO  o.e.m.c.i.embedder.EclipseLogger - Using 'UTF-8' encoding to copy filtered properties files.
2022-02-25 17:14:44,038 [Worker-38: Building] INFO  o.e.m.c.i.embedder.EclipseLogger - Copying 1 resource
2022-02-25 17:14:44,059 [Worker-38: Building] INFO  o.e.m.c.i.embedder.EclipseLogger - Copying 13 resources
2022-02-25 17:14:44,070 [Worker-38: Building] INFO  o.e.m.c.i.embedder.EclipseLogger - Using 'UTF-8' encoding to copy filtered resources.
2022-02-25 17:14:44,070 [Worker-38: Building] INFO  o.e.m.c.i.embedder.EclipseLogger - Using 'UTF-8' encoding to copy filtered properties files.
2022-02-25 17:14:44,070 [Worker-38: Building] INFO  o.e.m.c.i.embedder.EclipseLogger - skip non existing resourceDirectory G:\Git\ShoppingWebsite\ShoppingWebsite\src\test\resources
2022-02-25 17:28:42,911 [Worker-34: Building] INFO  o.e.m.c.i.embedder.EclipseLogger - Using 'UTF-8' encoding to copy filtered resources.
2022-02-25 17:28:42,911 [Worker-34: Building] INFO  o.e.m.c.i.embedder.EclipseLogger - Using 'UTF-8' encoding to copy filtered properties files.
2022-02-25 17:28:42,912 [Worker-34: Building] INFO  o.e.m.c.i.embedder.EclipseLogger - Copying 1 resource
2022-02-25 17:28:42,951 [Worker-34: Building] INFO  o.e.m.c.i.embedder.EclipseLogger - Copying 13 resources
2022-02-25 17:28:42,962 [Worker-34: Building] INFO  o.e.m.c.i.embedder.EclipseLogger - Using 'UTF-8' encoding to copy filtered resources.
2022-02-25 17:28:42,963 [Worker-34: Building] INFO  o.e.m.c.i.embedder.EclipseLogger - Using 'UTF-8' encoding to copy filtered properties files.
2022-02-25 17:28:42,964 [Worker-34: Building] INFO  o.e.m.c.i.embedder.EclipseLogger - skip non existing resourceDirectory G:\Git\ShoppingWebsite\ShoppingWebsite\src\test\resources
2022-02-25 17:33:28,860 [Worker-40: Building] INFO  o.e.m.c.i.embedder.EclipseLogger - Using 'UTF-8' encoding to copy filtered resources.
2022-02-25 17:33:28,860 [Worker-40: Building] INFO  o.e.m.c.i.embedder.EclipseLogger - Using 'UTF-8' encoding to copy filtered properties files.
2022-02-25 17:33:28,861 [Worker-40: Building] INFO  o.e.m.c.i.embedder.EclipseLogger - Copying 1 resource
2022-02-25 17:33:28,873 [Worker-40: Building] INFO  o.e.m.c.i.embedder.EclipseLogger - Copying 13 resources
2022-02-25 17:33:28,878 [Worker-40: Building] INFO  o.e.m.c.i.embedder.EclipseLogger - Using 'UTF-8' encoding to copy filtered resources.
2022-02-25 17:33:28,878 [Worker-40: Building] INFO  o.e.m.c.i.embedder.EclipseLogger - Using 'UTF-8' encoding to copy filtered properties files.
2022-02-25 17:33:28,878 [Worker-40: Building] INFO  o.e.m.c.i.embedder.EclipseLogger - skip non existing resourceDirectory G:\Git\ShoppingWebsite\ShoppingWebsite\src\test\resources
2022-02-25 17:34:11,829 [Worker-43: Building] INFO  o.e.m.c.i.embedder.EclipseLogger - Using 'UTF-8' encoding to copy filtered resources.
2022-02-25 17:34:11,829 [Worker-43: Building] INFO  o.e.m.c.i.embedder.EclipseLogger - Using 'UTF-8' encoding to copy filtered properties files.
2022-02-25 17:34:11,832 [Worker-43: Building] INFO  o.e.m.c.i.embedder.EclipseLogger - Copying 1 resource
2022-02-25 17:34:11,843 [Worker-43: Building] INFO  o.e.m.c.i.embedder.EclipseLogger - Copying 0 resource
2022-02-25 17:34:11,846 [Worker-43: Building] INFO  o.e.m.c.i.embedder.EclipseLogger - Using 'UTF-8' encoding to copy filtered resources.
2022-02-25 17:34:11,846 [Worker-43: Building] INFO  o.e.m.c.i.embedder.EclipseLogger - Using 'UTF-8' encoding to copy filtered properties files.
2022-02-25 17:34:11,846 [Worker-43: Building] INFO  o.e.m.c.i.embedder.EclipseLogger - skip non existing resourceDirectory G:\Git\ShoppingWebsite\ShoppingWebsite\src\test\resources
2022-02-25 17:34:12,041 [Worker-36: Launching ShoppingWebsite - ShoppingWebsiteApplication] INFO  o.e.m.c.i.embedder.EclipseLogger - Using 'UTF-8' encoding to copy filtered resources.
2022-02-25 17:34:12,041 [Worker-36: Launching ShoppingWebsite - ShoppingWebsiteApplication] INFO  o.e.m.c.i.embedder.EclipseLogger - Using 'UTF-8' encoding to copy filtered properties files.
2022-02-25 17:34:12,043 [Worker-36: Launching ShoppingWebsite - ShoppingWebsiteApplication] INFO  o.e.m.c.i.embedder.EclipseLogger - Copying 1 resource
2022-02-25 17:34:12,067 [Worker-36: Launching ShoppingWebsite - ShoppingWebsiteApplication] INFO  o.e.m.c.i.embedder.EclipseLogger - Copying 13 resources
2022-02-25 17:34:12,076 [Worker-36: Launching ShoppingWebsite - ShoppingWebsiteApplication] INFO  o.e.m.c.i.embedder.EclipseLogger - Using 'UTF-8' encoding to copy filtered resources.
2022-02-25 17:34:12,076 [Worker-36: Launching ShoppingWebsite - ShoppingWebsiteApplication] INFO  o.e.m.c.i.embedder.EclipseLogger - Using 'UTF-8' encoding to copy filtered properties files.
2022-02-25 17:34:12,076 [Worker-36: Launching ShoppingWebsite - ShoppingWebsiteApplication] INFO  o.e.m.c.i.embedder.EclipseLogger - skip non existing resourceDirectory G:\Git\ShoppingWebsite\ShoppingWebsite\src\test\resources
2022-02-25 20:01:04,092 [Worker-0: Loading available Gradle versions] INFO  o.e.b.c.i.u.g.PublishedGradleVersions - Gradle version information cache is up-to-date. Trying to read.
2022-02-25 20:12:14,783 [Worker-3: Launching ShoppingWebsite - ShoppingWebsiteApplication] INFO  o.e.m.c.i.embedder.EclipseLogger - Using 'UTF-8' encoding to copy filtered resources.
2022-02-25 20:12:14,784 [Worker-3: Launching ShoppingWebsite - ShoppingWebsiteApplication] INFO  o.e.m.c.i.embedder.EclipseLogger - Using 'UTF-8' encoding to copy filtered properties files.
2022-02-25 20:12:14,792 [Worker-3: Launching ShoppingWebsite - ShoppingWebsiteApplication] INFO  o.e.m.c.i.embedder.EclipseLogger - Copying 1 resource
2022-02-25 20:12:14,859 [Worker-3: Launching ShoppingWebsite - ShoppingWebsiteApplication] INFO  o.e.m.c.i.embedder.EclipseLogger - Copying 13 resources
2022-02-25 20:12:14,869 [Worker-3: Launching ShoppingWebsite - ShoppingWebsiteApplication] INFO  o.e.m.c.i.embedder.EclipseLogger - Using 'UTF-8' encoding to copy filtered resources.
2022-02-25 20:12:14,869 [Worker-3: Launching ShoppingWebsite - ShoppingWebsiteApplication] INFO  o.e.m.c.i.embedder.EclipseLogger - Using 'UTF-8' encoding to copy filtered properties files.
2022-02-25 20:12:14,869 [Worker-3: Launching ShoppingWebsite - ShoppingWebsiteApplication] INFO  o.e.m.c.i.embedder.EclipseLogger - skip non existing resourceDirectory G:\Git\ShoppingWebsite\ShoppingWebsite\src\test\resources
2022-02-25 20:12:54,765 [Worker-12: Launching ShoppingWebsite - ShoppingWebsiteApplication] INFO  o.e.m.c.i.embedder.EclipseLogger - Using 'UTF-8' encoding to copy filtered resources.
2022-02-25 20:12:54,765 [Worker-12: Launching ShoppingWebsite - ShoppingWebsiteApplication] INFO  o.e.m.c.i.embedder.EclipseLogger - Using 'UTF-8' encoding to copy filtered properties files.
2022-02-25 20:12:54,769 [Worker-12: Launching ShoppingWebsite - ShoppingWebsiteApplication] INFO  o.e.m.c.i.embedder.EclipseLogger - Copying 1 resource
2022-02-25 20:12:54,832 [Worker-12: Launching ShoppingWebsite - ShoppingWebsiteApplication] INFO  o.e.m.c.i.embedder.EclipseLogger - Copying 0 resource
2022-02-25 20:12:54,839 [Worker-12: Launching ShoppingWebsite - ShoppingWebsiteApplication] INFO  o.e.m.c.i.embedder.EclipseLogger - Using 'UTF-8' encoding to copy filtered resources.
2022-02-25 20:12:54,839 [Worker-12: Launching ShoppingWebsite - ShoppingWebsiteApplication] INFO  o.e.m.c.i.embedder.EclipseLogger - Using 'UTF-8' encoding to copy filtered properties files.
2022-02-25 20:12:54,839 [Worker-12: Launching ShoppingWebsite - ShoppingWebsiteApplication] INFO  o.e.m.c.i.embedder.EclipseLogger - skip non existing resourceDirectory G:\Git\ShoppingWebsite\ShoppingWebsite\src\test\resources
2022-02-26 12:11:04,553 [Worker-2: Loading available Gradle versions] INFO  o.e.b.c.i.u.g.PublishedGradleVersions - Gradle version information cache is out-of-date. Trying to update.
2022-02-26 12:13:41,280 [Worker-7: Launching ShoppingWebsite - ShoppingWebsiteApplication] INFO  o.e.m.c.i.embedder.EclipseLogger - Using 'UTF-8' encoding to copy filtered resources.
2022-02-26 12:13:41,280 [Worker-7: Launching ShoppingWebsite - ShoppingWebsiteApplication] INFO  o.e.m.c.i.embedder.EclipseLogger - Using 'UTF-8' encoding to copy filtered properties files.
2022-02-26 12:13:41,286 [Worker-7: Launching ShoppingWebsite - ShoppingWebsiteApplication] INFO  o.e.m.c.i.embedder.EclipseLogger - Copying 1 resource
2022-02-26 12:13:41,354 [Worker-7: Launching ShoppingWebsite - ShoppingWebsiteApplication] INFO  o.e.m.c.i.embedder.EclipseLogger - Copying 13 resources
2022-02-26 12:13:41,398 [Worker-7: Launching ShoppingWebsite - ShoppingWebsiteApplication] INFO  o.e.m.c.i.embedder.EclipseLogger - Using 'UTF-8' encoding to copy filtered resources.
2022-02-26 12:13:41,398 [Worker-7: Launching ShoppingWebsite - ShoppingWebsiteApplication] INFO  o.e.m.c.i.embedder.EclipseLogger - Using 'UTF-8' encoding to copy filtered properties files.
2022-02-26 12:13:41,398 [Worker-7: Launching ShoppingWebsite - ShoppingWebsiteApplication] INFO  o.e.m.c.i.embedder.EclipseLogger - skip non existing resourceDirectory G:\Git\ShoppingWebsite\ShoppingWebsite\src\test\resources
2022-02-26 12:24:03,190 [Worker-11: Building] INFO  o.e.m.c.i.embedder.EclipseLogger - Using 'UTF-8' encoding to copy filtered resources.
2022-02-26 12:24:03,190 [Worker-11: Building] INFO  o.e.m.c.i.embedder.EclipseLogger - Using 'UTF-8' encoding to copy filtered properties files.
2022-02-26 12:24:03,195 [Worker-11: Building] INFO  o.e.m.c.i.embedder.EclipseLogger - Copying 1 resource
2022-02-26 12:24:03,264 [Worker-11: Building] INFO  o.e.m.c.i.embedder.EclipseLogger - Copying 13 resources
2022-02-26 12:24:03,274 [Worker-11: Building] INFO  o.e.m.c.i.embedder.EclipseLogger - Using 'UTF-8' encoding to copy filtered resources.
2022-02-26 12:24:03,274 [Worker-11: Building] INFO  o.e.m.c.i.embedder.EclipseLogger - Using 'UTF-8' encoding to copy filtered properties files.
2022-02-26 12:24:03,274 [Worker-11: Building] INFO  o.e.m.c.i.embedder.EclipseLogger - skip non existing resourceDirectory G:\Git\ShoppingWebsite\ShoppingWebsite\src\test\resources
2022-02-26 12:26:57,046 [Worker-12: Building] INFO  o.e.m.c.i.embedder.EclipseLogger - Using 'UTF-8' encoding to copy filtered resources.
2022-02-26 12:26:57,046 [Worker-12: Building] INFO  o.e.m.c.i.embedder.EclipseLogger - Using 'UTF-8' encoding to copy filtered properties files.
2022-02-26 12:26:57,048 [Worker-12: Building] INFO  o.e.m.c.i.embedder.EclipseLogger - Copying 1 resource
2022-02-26 12:26:57,087 [Worker-12: Building] INFO  o.e.m.c.i.embedder.EclipseLogger - Copying 13 resources
2022-02-26 12:26:57,100 [Worker-12: Building] INFO  o.e.m.c.i.embedder.EclipseLogger - Using 'UTF-8' encoding to copy filtered resources.
2022-02-26 12:26:57,100 [Worker-12: Building] INFO  o.e.m.c.i.embedder.EclipseLogger - Using 'UTF-8' encoding to copy filtered properties files.
2022-02-26 12:26:57,101 [Worker-12: Building] INFO  o.e.m.c.i.embedder.EclipseLogger - skip non existing resourceDirectory G:\Git\ShoppingWebsite\ShoppingWebsite\src\test\resources
2022-02-26 12:29:47,400 [Worker-5: Building] INFO  o.e.m.c.i.embedder.EclipseLogger - Using 'UTF-8' encoding to copy filtered resources.
2022-02-26 12:29:47,526 [Worker-5: Building] INFO  o.e.m.c.i.embedder.EclipseLogger - Using 'UTF-8' encoding to copy filtered properties files.
2022-02-26 12:29:47,528 [Worker-5: Building] INFO  o.e.m.c.i.embedder.EclipseLogger - Copying 1 resource
2022-02-26 12:29:47,571 [Worker-5: Building] INFO  o.e.m.c.i.embedder.EclipseLogger - Copying 13 resources
2022-02-26 12:29:47,578 [Worker-5: Building] INFO  o.e.m.c.i.embedder.EclipseLogger - Using 'UTF-8' encoding to copy filtered resources.
2022-02-26 12:29:47,578 [Worker-5: Building] INFO  o.e.m.c.i.embedder.EclipseLogger - Using 'UTF-8' encoding to copy filtered properties files.
2022-02-26 12:29:47,579 [Worker-5: Building] INFO  o.e.m.c.i.embedder.EclipseLogger - skip non existing resourceDirectory G:\Git\ShoppingWebsite\ShoppingWebsite\src\test\resources
2022-02-26 12:30:23,415 [Worker-18: Building] INFO  o.e.m.c.i.embedder.EclipseLogger - Using 'UTF-8' encoding to copy filtered resources.
2022-02-26 12:30:23,416 [Worker-18: Building] INFO  o.e.m.c.i.embedder.EclipseLogger - Using 'UTF-8' encoding to copy filtered properties files.
2022-02-26 12:30:23,418 [Worker-18: Building] INFO  o.e.m.c.i.embedder.EclipseLogger - Copying 1 resource
2022-02-26 12:30:23,453 [Worker-18: Building] INFO  o.e.m.c.i.embedder.EclipseLogger - Copying 13 resources
2022-02-26 12:30:23,464 [Worker-18: Building] INFO  o.e.m.c.i.embedder.EclipseLogger - Using 'UTF-8' encoding to copy filtered resources.
2022-02-26 12:30:23,464 [Worker-18: Building] INFO  o.e.m.c.i.embedder.EclipseLogger - Using 'UTF-8' encoding to copy filtered properties files.
2022-02-26 12:30:23,465 [Worker-18: Building] INFO  o.e.m.c.i.embedder.EclipseLogger - skip non existing resourceDirectory G:\Git\ShoppingWebsite\ShoppingWebsite\src\test\resources
2022-02-26 12:50:41,888 [Worker-20: Launching ShoppingWebsite - ShoppingWebsiteApplication] INFO  o.e.m.c.i.embedder.EclipseLogger - Using 'UTF-8' encoding to copy filtered resources.
2022-02-26 12:50:41,888 [Worker-20: Launching ShoppingWebsite - ShoppingWebsiteApplication] INFO  o.e.m.c.i.embedder.EclipseLogger - Using 'UTF-8' encoding to copy filtered properties files.
2022-02-26 12:50:41,891 [Worker-20: Launching ShoppingWebsite - ShoppingWebsiteApplication] INFO  o.e.m.c.i.embedder.EclipseLogger - Copying 1 resource
2022-02-26 12:50:41,926 [Worker-20: Launching ShoppingWebsite - ShoppingWebsiteApplication] INFO  o.e.m.c.i.embedder.EclipseLogger - Copying 13 resources
2022-02-26 12:50:41,934 [Worker-20: Launching ShoppingWebsite - ShoppingWebsiteApplication] INFO  o.e.m.c.i.embedder.EclipseLogger - Using 'UTF-8' encoding to copy filtered resources.
2022-02-26 12:50:41,934 [Worker-20: Launching ShoppingWebsite - ShoppingWebsiteApplication] INFO  o.e.m.c.i.embedder.EclipseLogger - Using 'UTF-8' encoding to copy filtered properties files.
2022-02-26 12:50:41,934 [Worker-20: Launching ShoppingWebsite - ShoppingWebsiteApplication] INFO  o.e.m.c.i.embedder.EclipseLogger - skip non existing resourceDirectory G:\Git\ShoppingWebsite\ShoppingWebsite\src\test\resources
2022-02-26 13:01:42,417 [Worker-27: Building] INFO  o.e.m.c.i.embedder.EclipseLogger - Using 'UTF-8' encoding to copy filtered resources.
2022-02-26 13:01:42,417 [Worker-27: Building] INFO  o.e.m.c.i.embedder.EclipseLogger - Using 'UTF-8' encoding to copy filtered properties files.
2022-02-26 13:01:42,420 [Worker-27: Building] INFO  o.e.m.c.i.embedder.EclipseLogger - Copying 1 resource
2022-02-26 13:01:42,439 [Worker-27: Building] INFO  o.e.m.c.i.embedder.EclipseLogger - Copying 13 resources
2022-02-26 13:01:42,446 [Worker-27: Building] INFO  o.e.m.c.i.embedder.EclipseLogger - Using 'UTF-8' encoding to copy filtered resources.
2022-02-26 13:01:42,447 [Worker-27: Building] INFO  o.e.m.c.i.embedder.EclipseLogger - Using 'UTF-8' encoding to copy filtered properties files.
2022-02-26 13:01:42,447 [Worker-27: Building] INFO  o.e.m.c.i.embedder.EclipseLogger - skip non existing resourceDirectory G:\Git\ShoppingWebsite\ShoppingWebsite\src\test\resources
2022-02-26 13:04:55,042 [Worker-27: Building] INFO  o.e.m.c.i.embedder.EclipseLogger - Using 'UTF-8' encoding to copy filtered resources.
2022-02-26 13:04:55,042 [Worker-27: Building] INFO  o.e.m.c.i.embedder.EclipseLogger - Using 'UTF-8' encoding to copy filtered properties files.
2022-02-26 13:04:55,044 [Worker-27: Building] INFO  o.e.m.c.i.embedder.EclipseLogger - Copying 1 resource
2022-02-26 13:04:55,058 [Worker-27: Building] INFO  o.e.m.c.i.embedder.EclipseLogger - Copying 13 resources
2022-02-26 13:04:55,068 [Worker-27: Building] INFO  o.e.m.c.i.embedder.EclipseLogger - Using 'UTF-8' encoding to copy filtered resources.
2022-02-26 13:04:55,068 [Worker-27: Building] INFO  o.e.m.c.i.embedder.EclipseLogger - Using 'UTF-8' encoding to copy filtered properties files.
2022-02-26 13:04:55,068 [Worker-27: Building] INFO  o.e.m.c.i.embedder.EclipseLogger - skip non existing resourceDirectory G:\Git\ShoppingWebsite\ShoppingWebsite\src\test\resources
2022-02-26 13:05:50,445 [Worker-23: Building] INFO  o.e.m.c.i.embedder.EclipseLogger - Using 'UTF-8' encoding to copy filtered resources.
2022-02-26 13:05:50,445 [Worker-23: Building] INFO  o.e.m.c.i.embedder.EclipseLogger - Using 'UTF-8' encoding to copy filtered properties files.
2022-02-26 13:05:50,447 [Worker-23: Building] INFO  o.e.m.c.i.embedder.EclipseLogger - Copying 1 resource
2022-02-26 13:05:50,489 [Worker-23: Building] INFO  o.e.m.c.i.embedder.EclipseLogger - Copying 13 resources
2022-02-26 13:05:50,501 [Worker-23: Building] INFO  o.e.m.c.i.embedder.EclipseLogger - Using 'UTF-8' encoding to copy filtered resources.
2022-02-26 13:05:50,501 [Worker-23: Building] INFO  o.e.m.c.i.embedder.EclipseLogger - Using 'UTF-8' encoding to copy filtered properties files.
2022-02-26 13:05:50,501 [Worker-23: Building] INFO  o.e.m.c.i.embedder.EclipseLogger - skip non existing resourceDirectory G:\Git\ShoppingWebsite\ShoppingWebsite\src\test\resources
2022-02-26 13:18:13,464 [Worker-23: Building] INFO  o.e.m.c.i.embedder.EclipseLogger - Using 'UTF-8' encoding to copy filtered resources.
2022-02-26 13:18:13,464 [Worker-23: Building] INFO  o.e.m.c.i.embedder.EclipseLogger - Using 'UTF-8' encoding to copy filtered properties files.
2022-02-26 13:18:13,466 [Worker-23: Building] INFO  o.e.m.c.i.embedder.EclipseLogger - Copying 1 resource
2022-02-26 13:18:13,503 [Worker-23: Building] INFO  o.e.m.c.i.embedder.EclipseLogger - Copying 13 resources
2022-02-26 13:18:13,508 [Worker-23: Building] INFO  o.e.m.c.i.embedder.EclipseLogger - Using 'UTF-8' encoding to copy filtered resources.
2022-02-26 13:18:13,508 [Worker-23: Building] INFO  o.e.m.c.i.embedder.EclipseLogger - Using 'UTF-8' encoding to copy filtered properties files.
2022-02-26 13:18:13,508 [Worker-23: Building] INFO  o.e.m.c.i.embedder.EclipseLogger - skip non existing resourceDirectory G:\Git\ShoppingWebsite\ShoppingWebsite\src\test\resources
2022-02-26 13:18:37,211 [Worker-23: Launching ShoppingWebsite - ShoppingWebsiteApplication] INFO  o.e.m.c.i.embedder.EclipseLogger - Using 'UTF-8' encoding to copy filtered resources.
2022-02-26 13:18:37,211 [Worker-23: Launching ShoppingWebsite - ShoppingWebsiteApplication] INFO  o.e.m.c.i.embedder.EclipseLogger - Using 'UTF-8' encoding to copy filtered properties files.
2022-02-26 13:18:37,212 [Worker-23: Launching ShoppingWebsite - ShoppingWebsiteApplication] INFO  o.e.m.c.i.embedder.EclipseLogger - Copying 1 resource
2022-02-26 13:18:37,220 [Worker-23: Launching ShoppingWebsite - ShoppingWebsiteApplication] INFO  o.e.m.c.i.embedder.EclipseLogger - Copying 13 resources
2022-02-26 13:18:37,226 [Worker-23: Launching ShoppingWebsite - ShoppingWebsiteApplication] INFO  o.e.m.c.i.embedder.EclipseLogger - Using 'UTF-8' encoding to copy filtered resources.
2022-02-26 13:18:37,226 [Worker-23: Launching ShoppingWebsite - ShoppingWebsiteApplication] INFO  o.e.m.c.i.embedder.EclipseLogger - Using 'UTF-8' encoding to copy filtered properties files.
2022-02-26 13:18:37,226 [Worker-23: Launching ShoppingWebsite - ShoppingWebsiteApplication] INFO  o.e.m.c.i.embedder.EclipseLogger - skip non existing resourceDirectory G:\Git\ShoppingWebsite\ShoppingWebsite\src\test\resources
2022-02-26 13:22:32,267 [Worker-23: Building] INFO  o.e.m.c.i.embedder.EclipseLogger - Using 'UTF-8' encoding to copy filtered resources.
2022-02-26 13:22:32,268 [Worker-23: Building] INFO  o.e.m.c.i.embedder.EclipseLogger - Using 'UTF-8' encoding to copy filtered properties files.
2022-02-26 13:22:32,269 [Worker-23: Building] INFO  o.e.m.c.i.embedder.EclipseLogger - Copying 1 resource
2022-02-26 13:22:32,279 [Worker-23: Building] INFO  o.e.m.c.i.embedder.EclipseLogger - Copying 13 resources
2022-02-26 13:22:32,285 [Worker-23: Building] INFO  o.e.m.c.i.embedder.EclipseLogger - Using 'UTF-8' encoding to copy filtered resources.
2022-02-26 13:22:32,286 [Worker-23: Building] INFO  o.e.m.c.i.embedder.EclipseLogger - Using 'UTF-8' encoding to copy filtered properties files.
2022-02-26 13:22:32,286 [Worker-23: Building] INFO  o.e.m.c.i.embedder.EclipseLogger - skip non existing resourceDirectory G:\Git\ShoppingWebsite\ShoppingWebsite\src\test\resources
2022-02-26 13:41:58,660 [Worker-38: Building] INFO  o.e.m.c.i.embedder.EclipseLogger - Using 'UTF-8' encoding to copy filtered resources.
2022-02-26 13:41:58,661 [Worker-38: Building] INFO  o.e.m.c.i.embedder.EclipseLogger - Using 'UTF-8' encoding to copy filtered properties files.
2022-02-26 13:41:58,662 [Worker-38: Building] INFO  o.e.m.c.i.embedder.EclipseLogger - Copying 1 resource
2022-02-26 13:41:58,671 [Worker-38: Building] INFO  o.e.m.c.i.embedder.EclipseLogger - Copying 13 resources
2022-02-26 13:41:58,676 [Worker-38: Building] INFO  o.e.m.c.i.embedder.EclipseLogger - Using 'UTF-8' encoding to copy filtered resources.
2022-02-26 13:41:58,676 [Worker-38: Building] INFO  o.e.m.c.i.embedder.EclipseLogger - Using 'UTF-8' encoding to copy filtered properties files.
2022-02-26 13:41:58,676 [Worker-38: Building] INFO  o.e.m.c.i.embedder.EclipseLogger - skip non existing resourceDirectory G:\Git\ShoppingWebsite\ShoppingWebsite\src\test\resources
2022-02-26 13:42:20,971 [Worker-40: Launching ShoppingWebsite - ShoppingWebsiteApplication] INFO  o.e.m.c.i.embedder.EclipseLogger - Using 'UTF-8' encoding to copy filtered resources.
2022-02-26 13:42:20,971 [Worker-40: Launching ShoppingWebsite - ShoppingWebsiteApplication] INFO  o.e.m.c.i.embedder.EclipseLogger - Using 'UTF-8' encoding to copy filtered properties files.
2022-02-26 13:42:20,972 [Worker-40: Launching ShoppingWebsite - ShoppingWebsiteApplication] INFO  o.e.m.c.i.embedder.EclipseLogger - Copying 1 resource
2022-02-26 13:42:20,982 [Worker-40: Launching ShoppingWebsite - ShoppingWebsiteApplication] INFO  o.e.m.c.i.embedder.EclipseLogger - Copying 13 resources
2022-02-26 13:42:20,987 [Worker-40: Launching ShoppingWebsite - ShoppingWebsiteApplication] INFO  o.e.m.c.i.embedder.EclipseLogger - Using 'UTF-8' encoding to copy filtered resources.
2022-02-26 13:42:20,987 [Worker-40: Launching ShoppingWebsite - ShoppingWebsiteApplication] INFO  o.e.m.c.i.embedder.EclipseLogger - Using 'UTF-8' encoding to copy filtered properties files.
2022-02-26 13:42:20,987 [Worker-40: Launching ShoppingWebsite - ShoppingWebsiteApplication] INFO  o.e.m.c.i.embedder.EclipseLogger - skip non existing resourceDirectory G:\Git\ShoppingWebsite\ShoppingWebsite\src\test\resources
2022-02-26 13:56:40,897 [Worker-36: Building] INFO  o.e.m.c.i.embedder.EclipseLogger - Using 'UTF-8' encoding to copy filtered resources.
2022-02-26 13:56:40,897 [Worker-36: Building] INFO  o.e.m.c.i.embedder.EclipseLogger - Using 'UTF-8' encoding to copy filtered properties files.
2022-02-26 13:56:40,898 [Worker-36: Building] INFO  o.e.m.c.i.embedder.EclipseLogger - Copying 1 resource
2022-02-26 13:56:40,908 [Worker-36: Building] INFO  o.e.m.c.i.embedder.EclipseLogger - Copying 13 resources
2022-02-26 13:56:40,914 [Worker-36: Building] INFO  o.e.m.c.i.embedder.EclipseLogger - Using 'UTF-8' encoding to copy filtered resources.
2022-02-26 13:56:40,914 [Worker-36: Building] INFO  o.e.m.c.i.embedder.EclipseLogger - Using 'UTF-8' encoding to copy filtered properties files.
2022-02-26 13:56:40,914 [Worker-36: Building] INFO  o.e.m.c.i.embedder.EclipseLogger - skip non existing resourceDirectory G:\Git\ShoppingWebsite\ShoppingWebsite\src\test\resources
2022-02-26 13:58:13,478 [Worker-43: Building] INFO  o.e.m.c.i.embedder.EclipseLogger - Using 'UTF-8' encoding to copy filtered resources.
2022-02-26 13:58:13,478 [Worker-43: Building] INFO  o.e.m.c.i.embedder.EclipseLogger - Using 'UTF-8' encoding to copy filtered properties files.
2022-02-26 13:58:13,480 [Worker-43: Building] INFO  o.e.m.c.i.embedder.EclipseLogger - Copying 1 resource
2022-02-26 13:58:13,487 [Worker-43: Building] INFO  o.e.m.c.i.embedder.EclipseLogger - Copying 13 resources
2022-02-26 13:58:13,493 [Worker-43: Building] INFO  o.e.m.c.i.embedder.EclipseLogger - Using 'UTF-8' encoding to copy filtered resources.
2022-02-26 13:58:13,493 [Worker-43: Building] INFO  o.e.m.c.i.embedder.EclipseLogger - Using 'UTF-8' encoding to copy filtered properties files.
2022-02-26 13:58:13,493 [Worker-43: Building] INFO  o.e.m.c.i.embedder.EclipseLogger - skip non existing resourceDirectory G:\Git\ShoppingWebsite\ShoppingWebsite\src\test\resources
2022-03-02 09:45:55,954 [Worker-1: Loading available Gradle versions] INFO  o.e.b.c.i.u.g.PublishedGradleVersions - Gradle version information cache is out-of-date. Trying to update.
2022-03-02 09:52:08,738 [Worker-9: Launching ShoppingWebsiteApplicationTests] INFO  o.e.m.c.i.e.AbstractTransferListenerAdapter - Downloading https://repo.maven.apache.org/maven2/org/junit/platform/junit-platform-launcher/1.8.2/junit-platform-launcher-1.8.2.jar
2022-03-02 09:52:09,898 [Worker-9: Launching ShoppingWebsiteApplicationTests] INFO  o.e.m.c.i.e.AbstractTransferListenerAdapter - Downloaded https://repo.maven.apache.org/maven2/org/junit/platform/junit-platform-launcher/1.8.2/junit-platform-launcher-1.8.2.jar
2022-03-02 09:54:46,977 [Worker-9: Building] INFO  o.e.m.c.i.embedder.EclipseLogger - Using 'UTF-8' encoding to copy filtered resources.
2022-03-02 09:54:46,977 [Worker-9: Building] INFO  o.e.m.c.i.embedder.EclipseLogger - Using 'UTF-8' encoding to copy filtered properties files.
2022-03-02 09:54:46,985 [Worker-9: Building] INFO  o.e.m.c.i.embedder.EclipseLogger - Copying 1 resource
2022-03-02 09:54:47,047 [Worker-9: Building] INFO  o.e.m.c.i.embedder.EclipseLogger - Copying 13 resources
2022-03-02 09:54:47,072 [Worker-9: Building] INFO  o.e.m.c.i.embedder.EclipseLogger - Using 'UTF-8' encoding to copy filtered resources.
2022-03-02 09:54:47,073 [Worker-9: Building] INFO  o.e.m.c.i.embedder.EclipseLogger - Using 'UTF-8' encoding to copy filtered properties files.
2022-03-02 09:54:47,073 [Worker-9: Building] INFO  o.e.m.c.i.embedder.EclipseLogger - skip non existing resourceDirectory G:\Git\ShoppingWebsite\ShoppingWebsite\src\test\resources
2022-03-02 10:02:09,456 [Worker-16: Building] INFO  o.e.m.c.i.embedder.EclipseLogger - Using 'UTF-8' encoding to copy filtered resources.
2022-03-02 10:02:09,610 [Worker-16: Building] INFO  o.e.m.c.i.embedder.EclipseLogger - Using 'UTF-8' encoding to copy filtered properties files.
2022-03-02 10:02:09,613 [Worker-16: Building] INFO  o.e.m.c.i.embedder.EclipseLogger - Copying 1 resource
2022-03-02 10:02:09,668 [Worker-16: Building] INFO  o.e.m.c.i.embedder.EclipseLogger - Copying 13 resources
2022-03-02 10:02:09,678 [Worker-16: Building] INFO  o.e.m.c.i.embedder.EclipseLogger - Using 'UTF-8' encoding to copy filtered resources.
2022-03-02 10:02:09,678 [Worker-16: Building] INFO  o.e.m.c.i.embedder.EclipseLogger - Using 'UTF-8' encoding to copy filtered properties files.
2022-03-02 10:02:09,678 [Worker-16: Building] INFO  o.e.m.c.i.embedder.EclipseLogger - skip non existing resourceDirectory G:\Git\ShoppingWebsite\ShoppingWebsite\src\test\resources
2022-03-02 10:09:36,266 [Worker-16: Building] INFO  o.e.m.c.i.embedder.EclipseLogger - Using 'UTF-8' encoding to copy filtered resources.
2022-03-02 10:09:36,266 [Worker-16: Building] INFO  o.e.m.c.i.embedder.EclipseLogger - Using 'UTF-8' encoding to copy filtered properties files.
2022-03-02 10:09:36,268 [Worker-16: Building] INFO  o.e.m.c.i.embedder.EclipseLogger - Copying 1 resource
2022-03-02 10:09:36,320 [Worker-16: Building] INFO  o.e.m.c.i.embedder.EclipseLogger - Copying 13 resources
2022-03-02 10:09:36,344 [Worker-16: Building] INFO  o.e.m.c.i.embedder.EclipseLogger - Using 'UTF-8' encoding to copy filtered resources.
2022-03-02 10:09:36,344 [Worker-16: Building] INFO  o.e.m.c.i.embedder.EclipseLogger - Using 'UTF-8' encoding to copy filtered properties files.
2022-03-02 10:09:36,345 [Worker-16: Building] INFO  o.e.m.c.i.embedder.EclipseLogger - skip non existing resourceDirectory G:\Git\ShoppingWebsite\ShoppingWebsite\src\test\resources
2022-03-02 10:10:30,183 [Worker-9: Building] INFO  o.e.m.c.i.embedder.EclipseLogger - Using 'UTF-8' encoding to copy filtered resources.
2022-03-02 10:10:30,183 [Worker-9: Building] INFO  o.e.m.c.i.embedder.EclipseLogger - Using 'UTF-8' encoding to copy filtered properties files.
2022-03-02 10:10:30,184 [Worker-9: Building] INFO  o.e.m.c.i.embedder.EclipseLogger - Copying 1 resource
2022-03-02 10:10:30,247 [Worker-9: Building] INFO  o.e.m.c.i.embedder.EclipseLogger - Copying 13 resources
2022-03-02 10:10:30,256 [Worker-9: Building] INFO  o.e.m.c.i.embedder.EclipseLogger - Using 'UTF-8' encoding to copy filtered resources.
2022-03-02 10:10:30,256 [Worker-9: Building] INFO  o.e.m.c.i.embedder.EclipseLogger - Using 'UTF-8' encoding to copy filtered properties files.
2022-03-02 10:10:30,257 [Worker-9: Building] INFO  o.e.m.c.i.embedder.EclipseLogger - skip non existing resourceDirectory G:\Git\ShoppingWebsite\ShoppingWebsite\src\test\resources
2022-03-02 10:11:10,637 [Worker-16: Building] INFO  o.e.m.c.i.embedder.EclipseLogger - Using 'UTF-8' encoding to copy filtered resources.
2022-03-02 10:11:10,637 [Worker-16: Building] INFO  o.e.m.c.i.embedder.EclipseLogger - Using 'UTF-8' encoding to copy filtered properties files.
2022-03-02 10:11:10,640 [Worker-16: Building] INFO  o.e.m.c.i.embedder.EclipseLogger - Copying 1 resource
2022-03-02 10:11:10,699 [Worker-16: Building] INFO  o.e.m.c.i.embedder.EclipseLogger - Copying 13 resources
2022-03-02 10:11:10,710 [Worker-16: Building] INFO  o.e.m.c.i.embedder.EclipseLogger - Using 'UTF-8' encoding to copy filtered resources.
2022-03-02 10:11:10,710 [Worker-16: Building] INFO  o.e.m.c.i.embedder.EclipseLogger - Using 'UTF-8' encoding to copy filtered properties files.
2022-03-02 10:11:10,712 [Worker-16: Building] INFO  o.e.m.c.i.embedder.EclipseLogger - skip non existing resourceDirectory G:\Git\ShoppingWebsite\ShoppingWebsite\src\test\resources
2022-03-02 10:14:16,707 [Worker-9: Building] INFO  o.e.m.c.i.embedder.EclipseLogger - Using 'UTF-8' encoding to copy filtered resources.
2022-03-02 10:14:16,707 [Worker-9: Building] INFO  o.e.m.c.i.embedder.EclipseLogger - Using 'UTF-8' encoding to copy filtered properties files.
2022-03-02 10:14:16,710 [Worker-9: Building] INFO  o.e.m.c.i.embedder.EclipseLogger - Copying 0 resource
2022-03-02 10:14:16,711 [Worker-9: Building] INFO  o.e.m.c.i.embedder.EclipseLogger - Copying 0 resource
2022-03-02 10:14:16,730 [Worker-9: Building] INFO  o.e.m.c.i.embedder.EclipseLogger - Using 'UTF-8' encoding to copy filtered resources.
2022-03-02 10:14:16,730 [Worker-9: Building] INFO  o.e.m.c.i.embedder.EclipseLogger - Using 'UTF-8' encoding to copy filtered properties files.
2022-03-02 10:14:16,731 [Worker-9: Building] INFO  o.e.m.c.i.embedder.EclipseLogger - skip non existing resourceDirectory G:\Git\ShoppingWebsite\ShoppingWebsite\src\test\resources
2022-03-02 10:16:26,133 [Worker-9: Building] INFO  o.e.m.c.i.embedder.EclipseLogger - Using 'UTF-8' encoding to copy filtered resources.
2022-03-02 10:16:26,133 [Worker-9: Building] INFO  o.e.m.c.i.embedder.EclipseLogger - Using 'UTF-8' encoding to copy filtered properties files.
2022-03-02 10:16:26,134 [Worker-9: Building] INFO  o.e.m.c.i.embedder.EclipseLogger - Copying 0 resource
2022-03-02 10:16:26,134 [Worker-9: Building] INFO  o.e.m.c.i.embedder.EclipseLogger - Copying 1 resource
2022-03-02 10:16:26,141 [Worker-9: Building] INFO  o.e.m.c.i.embedder.EclipseLogger - Using 'UTF-8' encoding to copy filtered resources.
2022-03-02 10:16:26,141 [Worker-9: Building] INFO  o.e.m.c.i.embedder.EclipseLogger - Using 'UTF-8' encoding to copy filtered properties files.
2022-03-02 10:16:26,141 [Worker-9: Building] INFO  o.e.m.c.i.embedder.EclipseLogger - skip non existing resourceDirectory G:\Git\ShoppingWebsite\ShoppingWebsite\src\test\resources
2022-03-02 10:17:39,830 [Worker-22: Building] INFO  o.e.m.c.i.embedder.EclipseLogger - Using 'UTF-8' encoding to copy filtered resources.
2022-03-02 10:17:39,830 [Worker-22: Building] INFO  o.e.m.c.i.embedder.EclipseLogger - Using 'UTF-8' encoding to copy filtered properties files.
2022-03-02 10:17:39,831 [Worker-22: Building] INFO  o.e.m.c.i.embedder.EclipseLogger - Copying 0 resource
2022-03-02 10:17:39,831 [Worker-22: Building] INFO  o.e.m.c.i.embedder.EclipseLogger - Copying 1 resource
2022-03-02 10:17:39,842 [Worker-22: Building] INFO  o.e.m.c.i.embedder.EclipseLogger - Using 'UTF-8' encoding to copy filtered resources.
2022-03-02 10:17:39,842 [Worker-22: Building] INFO  o.e.m.c.i.embedder.EclipseLogger - Using 'UTF-8' encoding to copy filtered properties files.
2022-03-02 10:17:39,842 [Worker-22: Building] INFO  o.e.m.c.i.embedder.EclipseLogger - skip non existing resourceDirectory G:\Git\ShoppingWebsite\ShoppingWebsite\src\test\resources
2022-03-02 10:20:26,056 [Worker-7: Building] INFO  o.e.m.c.i.embedder.EclipseLogger - Using 'UTF-8' encoding to copy filtered resources.
2022-03-02 10:20:26,056 [Worker-7: Building] INFO  o.e.m.c.i.embedder.EclipseLogger - Using 'UTF-8' encoding to copy filtered properties files.
2022-03-02 10:20:26,059 [Worker-7: Building] INFO  o.e.m.c.i.embedder.EclipseLogger - Copying 0 resource
2022-03-02 10:20:26,060 [Worker-7: Building] INFO  o.e.m.c.i.embedder.EclipseLogger - Copying 1 resource
2022-03-02 10:20:26,077 [Worker-7: Building] INFO  o.e.m.c.i.embedder.EclipseLogger - Using 'UTF-8' encoding to copy filtered resources.
2022-03-02 10:20:26,078 [Worker-7: Building] INFO  o.e.m.c.i.embedder.EclipseLogger - Using 'UTF-8' encoding to copy filtered properties files.
2022-03-02 10:20:26,078 [Worker-7: Building] INFO  o.e.m.c.i.embedder.EclipseLogger - skip non existing resourceDirectory G:\Git\ShoppingWebsite\ShoppingWebsite\src\test\resources
2022-03-02 10:24:56,806 [Worker-9: Building] INFO  o.e.m.c.i.embedder.EclipseLogger - Using 'UTF-8' encoding to copy filtered resources.
2022-03-02 10:24:56,807 [Worker-9: Building] INFO  o.e.m.c.i.embedder.EclipseLogger - Using 'UTF-8' encoding to copy filtered properties files.
2022-03-02 10:24:56,810 [Worker-9: Building] INFO  o.e.m.c.i.embedder.EclipseLogger - Copying 1 resource
2022-03-02 10:24:56,888 [Worker-9: Building] INFO  o.e.m.c.i.embedder.EclipseLogger - Copying 14 resources
2022-03-02 10:24:56,912 [Worker-9: Building] INFO  o.e.m.c.i.embedder.EclipseLogger - Using 'UTF-8' encoding to copy filtered resources.
2022-03-02 10:24:56,912 [Worker-9: Building] INFO  o.e.m.c.i.embedder.EclipseLogger - Using 'UTF-8' encoding to copy filtered properties files.
2022-03-02 10:24:56,913 [Worker-9: Building] INFO  o.e.m.c.i.embedder.EclipseLogger - skip non existing resourceDirectory G:\Git\ShoppingWebsite\ShoppingWebsite\src\test\resources
2022-03-02 11:24:07,543 [Worker-41: Building] INFO  o.e.m.c.i.embedder.EclipseLogger - Using 'UTF-8' encoding to copy filtered resources.
2022-03-02 11:24:07,545 [Worker-41: Building] INFO  o.e.m.c.i.embedder.EclipseLogger - Using 'UTF-8' encoding to copy filtered properties files.
2022-03-02 11:24:07,547 [Worker-41: Building] INFO  o.e.m.c.i.embedder.EclipseLogger - Copying 1 resource
2022-03-02 11:24:07,588 [Worker-41: Building] INFO  o.e.m.c.i.embedder.EclipseLogger - Copying 14 resources
2022-03-02 11:24:07,595 [Worker-41: Building] INFO  o.e.m.c.i.embedder.EclipseLogger - Using 'UTF-8' encoding to copy filtered resources.
2022-03-02 11:24:07,596 [Worker-41: Building] INFO  o.e.m.c.i.embedder.EclipseLogger - Using 'UTF-8' encoding to copy filtered properties files.
2022-03-02 11:24:07,596 [Worker-41: Building] INFO  o.e.m.c.i.embedder.EclipseLogger - skip non existing resourceDirectory G:\Git\ShoppingWebsite\ShoppingWebsite\src\test\resources
2022-03-02 11:36:39,838 [Worker-45: Building] INFO  o.e.m.c.i.embedder.EclipseLogger - Using 'UTF-8' encoding to copy filtered resources.
2022-03-02 11:36:39,838 [Worker-45: Building] INFO  o.e.m.c.i.embedder.EclipseLogger - Using 'UTF-8' encoding to copy filtered properties files.
2022-03-02 11:36:39,840 [Worker-45: Building] INFO  o.e.m.c.i.embedder.EclipseLogger - Copying 1 resource
2022-03-02 11:36:39,878 [Worker-45: Building] INFO  o.e.m.c.i.embedder.EclipseLogger - Copying 14 resources
2022-03-02 11:36:39,899 [Worker-45: Building] INFO  o.e.m.c.i.embedder.EclipseLogger - Using 'UTF-8' encoding to copy filtered resources.
2022-03-02 11:36:39,901 [Worker-45: Building] INFO  o.e.m.c.i.embedder.EclipseLogger - Using 'UTF-8' encoding to copy filtered properties files.
2022-03-02 11:36:39,901 [Worker-45: Building] INFO  o.e.m.c.i.embedder.EclipseLogger - skip non existing resourceDirectory G:\Git\ShoppingWebsite\ShoppingWebsite\src\test\resources
2022-03-02 11:40:11,644 [Worker-44: Building] INFO  o.e.m.c.i.embedder.EclipseLogger - Using 'UTF-8' encoding to copy filtered resources.
2022-03-02 11:40:11,645 [Worker-44: Building] INFO  o.e.m.c.i.embedder.EclipseLogger - Using 'UTF-8' encoding to copy filtered properties files.
2022-03-02 11:40:11,646 [Worker-44: Building] INFO  o.e.m.c.i.embedder.EclipseLogger - Copying 0 resource
2022-03-02 11:40:11,647 [Worker-44: Building] INFO  o.e.m.c.i.embedder.EclipseLogger - Copying 1 resource
2022-03-02 11:40:11,654 [Worker-44: Building] INFO  o.e.m.c.i.embedder.EclipseLogger - Using 'UTF-8' encoding to copy filtered resources.
2022-03-02 11:40:11,654 [Worker-44: Building] INFO  o.e.m.c.i.embedder.EclipseLogger - Using 'UTF-8' encoding to copy filtered properties files.
2022-03-02 11:40:11,654 [Worker-44: Building] INFO  o.e.m.c.i.embedder.EclipseLogger - skip non existing resourceDirectory G:\Git\ShoppingWebsite\ShoppingWebsite\src\test\resources
2022-03-02 11:41:05,223 [Worker-45: Launching ShoppingWebsite - ShoppingWebsiteApplication] INFO  o.e.m.c.i.embedder.EclipseLogger - Using 'UTF-8' encoding to copy filtered resources.
2022-03-02 11:41:05,223 [Worker-45: Launching ShoppingWebsite - ShoppingWebsiteApplication] INFO  o.e.m.c.i.embedder.EclipseLogger - Using 'UTF-8' encoding to copy filtered properties files.
2022-03-02 11:41:05,224 [Worker-45: Launching ShoppingWebsite - ShoppingWebsiteApplication] INFO  o.e.m.c.i.embedder.EclipseLogger - Copying 1 resource
2022-03-02 11:41:05,236 [Worker-45: Launching ShoppingWebsite - ShoppingWebsiteApplication] INFO  o.e.m.c.i.embedder.EclipseLogger - Copying 14 resources
2022-03-02 11:41:05,244 [Worker-45: Launching ShoppingWebsite - ShoppingWebsiteApplication] INFO  o.e.m.c.i.embedder.EclipseLogger - Using 'UTF-8' encoding to copy filtered resources.
2022-03-02 11:41:05,244 [Worker-45: Launching ShoppingWebsite - ShoppingWebsiteApplication] INFO  o.e.m.c.i.embedder.EclipseLogger - Using 'UTF-8' encoding to copy filtered properties files.
2022-03-02 11:41:05,244 [Worker-45: Launching ShoppingWebsite - ShoppingWebsiteApplication] INFO  o.e.m.c.i.embedder.EclipseLogger - skip non existing resourceDirectory G:\Git\ShoppingWebsite\ShoppingWebsite\src\test\resources
2022-03-02 11:55:04,566 [Worker-47: Building] INFO  o.e.m.c.i.embedder.EclipseLogger - Using 'UTF-8' encoding to copy filtered resources.
2022-03-02 11:55:04,566 [Worker-47: Building] INFO  o.e.m.c.i.embedder.EclipseLogger - Using 'UTF-8' encoding to copy filtered properties files.
2022-03-02 11:55:04,567 [Worker-47: Building] INFO  o.e.m.c.i.embedder.EclipseLogger - Copying 1 resource
2022-03-02 11:55:04,611 [Worker-47: Building] INFO  o.e.m.c.i.embedder.EclipseLogger - Copying 14 resources
2022-03-02 11:55:04,620 [Worker-47: Building] INFO  o.e.m.c.i.embedder.EclipseLogger - Using 'UTF-8' encoding to copy filtered resources.
2022-03-02 11:55:04,620 [Worker-47: Building] INFO  o.e.m.c.i.embedder.EclipseLogger - Using 'UTF-8' encoding to copy filtered properties files.
2022-03-02 11:55:04,620 [Worker-47: Building] INFO  o.e.m.c.i.embedder.EclipseLogger - skip non existing resourceDirectory G:\Git\ShoppingWebsite\ShoppingWebsite\src\test\resources
2022-03-02 11:55:23,398 [Worker-47: Launching ShoppingWebsite - ShoppingWebsiteApplication] INFO  o.e.m.c.i.embedder.EclipseLogger - Using 'UTF-8' encoding to copy filtered resources.
2022-03-02 11:55:23,399 [Worker-47: Launching ShoppingWebsite - ShoppingWebsiteApplication] INFO  o.e.m.c.i.embedder.EclipseLogger - Using 'UTF-8' encoding to copy filtered properties files.
2022-03-02 11:55:23,402 [Worker-47: Launching ShoppingWebsite - ShoppingWebsiteApplication] INFO  o.e.m.c.i.embedder.EclipseLogger - Copying 1 resource
2022-03-02 11:55:23,423 [Worker-47: Launching ShoppingWebsite - ShoppingWebsiteApplication] INFO  o.e.m.c.i.embedder.EclipseLogger - Copying 14 resources
2022-03-02 11:55:23,439 [Worker-47: Launching ShoppingWebsite - ShoppingWebsiteApplication] INFO  o.e.m.c.i.embedder.EclipseLogger - Using 'UTF-8' encoding to copy filtered resources.
2022-03-02 11:55:23,440 [Worker-47: Launching ShoppingWebsite - ShoppingWebsiteApplication] INFO  o.e.m.c.i.embedder.EclipseLogger - Using 'UTF-8' encoding to copy filtered properties files.
2022-03-02 11:55:23,441 [Worker-47: Launching ShoppingWebsite - ShoppingWebsiteApplication] INFO  o.e.m.c.i.embedder.EclipseLogger - skip non existing resourceDirectory G:\Git\ShoppingWebsite\ShoppingWebsite\src\test\resources
2022-03-02 11:59:23,789 [Worker-47: Building] INFO  o.e.m.c.i.embedder.EclipseLogger - Using 'UTF-8' encoding to copy filtered resources.
2022-03-02 11:59:23,789 [Worker-47: Building] INFO  o.e.m.c.i.embedder.EclipseLogger - Using 'UTF-8' encoding to copy filtered properties files.
2022-03-02 11:59:23,795 [Worker-47: Building] INFO  o.e.m.c.i.embedder.EclipseLogger - Copying 1 resource
2022-03-02 11:59:23,825 [Worker-47: Building] INFO  o.e.m.c.i.embedder.EclipseLogger - Copying 14 resources
2022-03-02 11:59:23,832 [Worker-47: Building] INFO  o.e.m.c.i.embedder.EclipseLogger - Using 'UTF-8' encoding to copy filtered resources.
2022-03-02 11:59:23,833 [Worker-47: Building] INFO  o.e.m.c.i.embedder.EclipseLogger - Using 'UTF-8' encoding to copy filtered properties files.
2022-03-02 11:59:23,833 [Worker-47: Building] INFO  o.e.m.c.i.embedder.EclipseLogger - skip non existing resourceDirectory G:\Git\ShoppingWebsite\ShoppingWebsite\src\test\resources
2022-03-02 12:04:22,738 [Worker-53: Building] INFO  o.e.m.c.i.embedder.EclipseLogger - Using 'UTF-8' encoding to copy filtered resources.
2022-03-02 12:04:22,738 [Worker-53: Building] INFO  o.e.m.c.i.embedder.EclipseLogger - Using 'UTF-8' encoding to copy filtered properties files.
2022-03-02 12:04:22,739 [Worker-53: Building] INFO  o.e.m.c.i.embedder.EclipseLogger - Copying 1 resource
2022-03-02 12:04:22,778 [Worker-53: Building] INFO  o.e.m.c.i.embedder.EclipseLogger - Copying 14 resources
2022-03-02 12:04:22,787 [Worker-53: Building] INFO  o.e.m.c.i.embedder.EclipseLogger - Using 'UTF-8' encoding to copy filtered resources.
2022-03-02 12:04:22,787 [Worker-53: Building] INFO  o.e.m.c.i.embedder.EclipseLogger - Using 'UTF-8' encoding to copy filtered properties files.
2022-03-02 12:04:22,787 [Worker-53: Building] INFO  o.e.m.c.i.embedder.EclipseLogger - skip non existing resourceDirectory G:\Git\ShoppingWebsite\ShoppingWebsite\src\test\resources
2022-03-02 12:06:33,989 [Worker-56: Launching ShoppingWebsite - ShoppingWebsiteApplication] INFO  o.e.m.c.i.embedder.EclipseLogger - Using 'UTF-8' encoding to copy filtered resources.
2022-03-02 12:06:33,989 [Worker-56: Launching ShoppingWebsite - ShoppingWebsiteApplication] INFO  o.e.m.c.i.embedder.EclipseLogger - Using 'UTF-8' encoding to copy filtered properties files.
2022-03-02 12:06:33,991 [Worker-56: Launching ShoppingWebsite - ShoppingWebsiteApplication] INFO  o.e.m.c.i.embedder.EclipseLogger - Copying 1 resource
2022-03-02 12:06:34,023 [Worker-56: Launching ShoppingWebsite - ShoppingWebsiteApplication] INFO  o.e.m.c.i.embedder.EclipseLogger - Copying 14 resources
2022-03-02 12:06:34,035 [Worker-56: Launching ShoppingWebsite - ShoppingWebsiteApplication] INFO  o.e.m.c.i.embedder.EclipseLogger - Using 'UTF-8' encoding to copy filtered resources.
2022-03-02 12:06:34,035 [Worker-56: Launching ShoppingWebsite - ShoppingWebsiteApplication] INFO  o.e.m.c.i.embedder.EclipseLogger - Using 'UTF-8' encoding to copy filtered properties files.
2022-03-02 12:06:34,035 [Worker-56: Launching ShoppingWebsite - ShoppingWebsiteApplication] INFO  o.e.m.c.i.embedder.EclipseLogger - skip non existing resourceDirectory G:\Git\ShoppingWebsite\ShoppingWebsite\src\test\resources
2022-03-02 12:08:43,674 [Worker-47: Building] INFO  o.e.m.c.i.embedder.EclipseLogger - Using 'UTF-8' encoding to copy filtered resources.
2022-03-02 12:08:43,674 [Worker-47: Building] INFO  o.e.m.c.i.embedder.EclipseLogger - Using 'UTF-8' encoding to copy filtered properties files.
2022-03-02 12:08:43,675 [Worker-47: Building] INFO  o.e.m.c.i.embedder.EclipseLogger - Copying 1 resource
2022-03-02 12:08:43,688 [Worker-47: Building] INFO  o.e.m.c.i.embedder.EclipseLogger - Copying 14 resources
2022-03-02 12:08:43,695 [Worker-47: Building] INFO  o.e.m.c.i.embedder.EclipseLogger - Using 'UTF-8' encoding to copy filtered resources.
2022-03-02 12:08:43,695 [Worker-47: Building] INFO  o.e.m.c.i.embedder.EclipseLogger - Using 'UTF-8' encoding to copy filtered properties files.
2022-03-02 12:08:43,695 [Worker-47: Building] INFO  o.e.m.c.i.embedder.EclipseLogger - skip non existing resourceDirectory G:\Git\ShoppingWebsite\ShoppingWebsite\src\test\resources
2022-03-02 12:13:53,863 [Worker-59: Building] INFO  o.e.m.c.i.embedder.EclipseLogger - Using 'UTF-8' encoding to copy filtered resources.
2022-03-02 12:13:53,864 [Worker-59: Building] INFO  o.e.m.c.i.embedder.EclipseLogger - Using 'UTF-8' encoding to copy filtered properties files.
2022-03-02 12:13:53,865 [Worker-59: Building] INFO  o.e.m.c.i.embedder.EclipseLogger - Copying 1 resource
2022-03-02 12:13:53,949 [Worker-59: Building] INFO  o.e.m.c.i.embedder.EclipseLogger - Copying 14 resources
2022-03-02 12:13:53,958 [Worker-59: Building] INFO  o.e.m.c.i.embedder.EclipseLogger - Using 'UTF-8' encoding to copy filtered resources.
2022-03-02 12:13:53,958 [Worker-59: Building] INFO  o.e.m.c.i.embedder.EclipseLogger - Using 'UTF-8' encoding to copy filtered properties files.
2022-03-02 12:13:53,958 [Worker-59: Building] INFO  o.e.m.c.i.embedder.EclipseLogger - skip non existing resourceDirectory G:\Git\ShoppingWebsite\ShoppingWebsite\src\test\resources
2022-03-02 12:14:46,040 [Worker-53: Launching ShoppingWebsite - ShoppingWebsiteApplication] INFO  o.e.m.c.i.embedder.EclipseLogger - Using 'UTF-8' encoding to copy filtered resources.
2022-03-02 12:14:46,040 [Worker-53: Launching ShoppingWebsite - ShoppingWebsiteApplication] INFO  o.e.m.c.i.embedder.EclipseLogger - Using 'UTF-8' encoding to copy filtered properties files.
2022-03-02 12:14:46,042 [Worker-53: Launching ShoppingWebsite - ShoppingWebsiteApplication] INFO  o.e.m.c.i.embedder.EclipseLogger - Copying 1 resource
2022-03-02 12:14:46,054 [Worker-53: Launching ShoppingWebsite - ShoppingWebsiteApplication] INFO  o.e.m.c.i.embedder.EclipseLogger - Copying 14 resources
2022-03-02 12:14:46,061 [Worker-53: Launching ShoppingWebsite - ShoppingWebsiteApplication] INFO  o.e.m.c.i.embedder.EclipseLogger - Using 'UTF-8' encoding to copy filtered resources.
2022-03-02 12:14:46,061 [Worker-53: Launching ShoppingWebsite - ShoppingWebsiteApplication] INFO  o.e.m.c.i.embedder.EclipseLogger - Using 'UTF-8' encoding to copy filtered properties files.
2022-03-02 12:14:46,061 [Worker-53: Launching ShoppingWebsite - ShoppingWebsiteApplication] INFO  o.e.m.c.i.embedder.EclipseLogger - skip non existing resourceDirectory G:\Git\ShoppingWebsite\ShoppingWebsite\src\test\resources
2022-03-02 12:36:37,457 [Worker-66: Building] INFO  o.e.m.c.i.embedder.EclipseLogger - Using 'UTF-8' encoding to copy filtered resources.
2022-03-02 12:36:37,457 [Worker-66: Building] INFO  o.e.m.c.i.embedder.EclipseLogger - Using 'UTF-8' encoding to copy filtered properties files.
2022-03-02 12:36:37,457 [Worker-66: Building] INFO  o.e.m.c.i.embedder.EclipseLogger - Copying 0 resource
2022-03-02 12:36:37,458 [Worker-66: Building] INFO  o.e.m.c.i.embedder.EclipseLogger - Copying 1 resource
2022-03-02 12:36:37,462 [Worker-66: Building] INFO  o.e.m.c.i.embedder.EclipseLogger - Using 'UTF-8' encoding to copy filtered resources.
2022-03-02 12:36:37,462 [Worker-66: Building] INFO  o.e.m.c.i.embedder.EclipseLogger - Using 'UTF-8' encoding to copy filtered properties files.
2022-03-02 12:36:37,463 [Worker-66: Building] INFO  o.e.m.c.i.embedder.EclipseLogger - skip non existing resourceDirectory G:\Git\ShoppingWebsite\ShoppingWebsite\src\test\resources
2022-03-02 12:36:58,152 [Worker-63: Launching ShoppingWebsite - ShoppingWebsiteApplication] INFO  o.e.m.c.i.embedder.EclipseLogger - Using 'UTF-8' encoding to copy filtered resources.
2022-03-02 12:36:58,152 [Worker-63: Launching ShoppingWebsite - ShoppingWebsiteApplication] INFO  o.e.m.c.i.embedder.EclipseLogger - Using 'UTF-8' encoding to copy filtered properties files.
2022-03-02 12:36:58,154 [Worker-63: Launching ShoppingWebsite - ShoppingWebsiteApplication] INFO  o.e.m.c.i.embedder.EclipseLogger - Copying 1 resource
2022-03-02 12:36:58,168 [Worker-63: Launching ShoppingWebsite - ShoppingWebsiteApplication] INFO  o.e.m.c.i.embedder.EclipseLogger - Copying 14 resources
2022-03-02 12:36:58,175 [Worker-63: Launching ShoppingWebsite - ShoppingWebsiteApplication] INFO  o.e.m.c.i.embedder.EclipseLogger - Using 'UTF-8' encoding to copy filtered resources.
2022-03-02 12:36:58,175 [Worker-63: Launching ShoppingWebsite - ShoppingWebsiteApplication] INFO  o.e.m.c.i.embedder.EclipseLogger - Using 'UTF-8' encoding to copy filtered properties files.
2022-03-02 12:36:58,175 [Worker-63: Launching ShoppingWebsite - ShoppingWebsiteApplication] INFO  o.e.m.c.i.embedder.EclipseLogger - skip non existing resourceDirectory G:\Git\ShoppingWebsite\ShoppingWebsite\src\test\resources
2022-03-02 12:39:46,169 [Worker-56: Building] INFO  o.e.m.c.i.embedder.EclipseLogger - Using 'UTF-8' encoding to copy filtered resources.
2022-03-02 12:39:46,169 [Worker-56: Building] INFO  o.e.m.c.i.embedder.EclipseLogger - Using 'UTF-8' encoding to copy filtered properties files.
2022-03-02 12:39:46,170 [Worker-56: Building] INFO  o.e.m.c.i.embedder.EclipseLogger - Copying 0 resource
2022-03-02 12:39:46,171 [Worker-56: Building] INFO  o.e.m.c.i.embedder.EclipseLogger - Copying 1 resource
2022-03-02 12:39:46,176 [Worker-56: Building] INFO  o.e.m.c.i.embedder.EclipseLogger - Using 'UTF-8' encoding to copy filtered resources.
2022-03-02 12:39:46,176 [Worker-56: Building] INFO  o.e.m.c.i.embedder.EclipseLogger - Using 'UTF-8' encoding to copy filtered properties files.
2022-03-02 12:39:46,177 [Worker-56: Building] INFO  o.e.m.c.i.embedder.EclipseLogger - skip non existing resourceDirectory G:\Git\ShoppingWebsite\ShoppingWebsite\src\test\resources
2022-03-02 13:17:55,592 [Worker-81: Building] INFO  o.e.m.c.i.embedder.EclipseLogger - Using 'UTF-8' encoding to copy filtered resources.
2022-03-02 13:17:55,593 [Worker-81: Building] INFO  o.e.m.c.i.embedder.EclipseLogger - Using 'UTF-8' encoding to copy filtered properties files.
2022-03-02 13:17:55,593 [Worker-81: Building] INFO  o.e.m.c.i.embedder.EclipseLogger - Copying 0 resource
2022-03-02 13:17:55,594 [Worker-81: Building] INFO  o.e.m.c.i.embedder.EclipseLogger - Copying 0 resource
2022-03-02 13:17:55,599 [Worker-81: Building] INFO  o.e.m.c.i.embedder.EclipseLogger - Using 'UTF-8' encoding to copy filtered resources.
2022-03-02 13:17:55,599 [Worker-81: Building] INFO  o.e.m.c.i.embedder.EclipseLogger - Using 'UTF-8' encoding to copy filtered properties files.
2022-03-02 13:17:55,599 [Worker-81: Building] INFO  o.e.m.c.i.embedder.EclipseLogger - skip non existing resourceDirectory G:\Git\ShoppingWebsite\ShoppingWebsite\src\test\resources
2022-03-02 13:30:24,517 [Worker-82: Building] INFO  o.e.m.c.i.embedder.EclipseLogger - Using 'UTF-8' encoding to copy filtered resources.
2022-03-02 13:30:24,517 [Worker-82: Building] INFO  o.e.m.c.i.embedder.EclipseLogger - Using 'UTF-8' encoding to copy filtered properties files.
2022-03-02 13:30:24,517 [Worker-82: Building] INFO  o.e.m.c.i.embedder.EclipseLogger - Copying 0 resource
2022-03-02 13:30:24,518 [Worker-82: Building] INFO  o.e.m.c.i.embedder.EclipseLogger - Copying 0 resource
2022-03-02 13:30:24,521 [Worker-82: Building] INFO  o.e.m.c.i.embedder.EclipseLogger - Using 'UTF-8' encoding to copy filtered resources.
2022-03-02 13:30:24,521 [Worker-82: Building] INFO  o.e.m.c.i.embedder.EclipseLogger - Using 'UTF-8' encoding to copy filtered properties files.
2022-03-02 13:30:24,521 [Worker-82: Building] INFO  o.e.m.c.i.embedder.EclipseLogger - skip non existing resourceDirectory G:\Git\ShoppingWebsite\ShoppingWebsite\src\test\resources
2022-03-02 14:17:52,245 [Worker-95: Building] INFO  o.e.m.c.i.embedder.EclipseLogger - Using 'UTF-8' encoding to copy filtered resources.
2022-03-02 14:17:52,245 [Worker-95: Building] INFO  o.e.m.c.i.embedder.EclipseLogger - Using 'UTF-8' encoding to copy filtered properties files.
2022-03-02 14:17:52,246 [Worker-95: Building] INFO  o.e.m.c.i.embedder.EclipseLogger - Copying 1 resource
2022-03-02 14:17:52,273 [Worker-95: Building] INFO  o.e.m.c.i.embedder.EclipseLogger - Copying 13 resources
2022-03-02 14:17:52,279 [Worker-95: Building] INFO  o.e.m.c.i.embedder.EclipseLogger - Using 'UTF-8' encoding to copy filtered resources.
2022-03-02 14:17:52,280 [Worker-95: Building] INFO  o.e.m.c.i.embedder.EclipseLogger - Using 'UTF-8' encoding to copy filtered properties files.
2022-03-02 14:17:52,280 [Worker-95: Building] INFO  o.e.m.c.i.embedder.EclipseLogger - skip non existing resourceDirectory G:\Git\ShoppingWebsite\ShoppingWebsite\src\test\resources
2022-03-02 14:18:58,451 [Worker-91: Launching ShoppingWebsite - ShoppingWebsiteApplication] INFO  o.e.m.c.i.embedder.EclipseLogger - Using 'UTF-8' encoding to copy filtered resources.
2022-03-02 14:18:58,452 [Worker-91: Launching ShoppingWebsite - ShoppingWebsiteApplication] INFO  o.e.m.c.i.embedder.EclipseLogger - Using 'UTF-8' encoding to copy filtered properties files.
2022-03-02 14:18:58,453 [Worker-91: Launching ShoppingWebsite - ShoppingWebsiteApplication] INFO  o.e.m.c.i.embedder.EclipseLogger - Copying 1 resource
2022-03-02 14:18:58,463 [Worker-91: Launching ShoppingWebsite - ShoppingWebsiteApplication] INFO  o.e.m.c.i.embedder.EclipseLogger - Copying 13 resources
2022-03-02 14:18:58,468 [Worker-91: Launching ShoppingWebsite - ShoppingWebsiteApplication] INFO  o.e.m.c.i.embedder.EclipseLogger - Using 'UTF-8' encoding to copy filtered resources.
2022-03-02 14:18:58,468 [Worker-91: Launching ShoppingWebsite - ShoppingWebsiteApplication] INFO  o.e.m.c.i.embedder.EclipseLogger - Using 'UTF-8' encoding to copy filtered properties files.
2022-03-02 14:18:58,468 [Worker-91: Launching ShoppingWebsite - ShoppingWebsiteApplication] INFO  o.e.m.c.i.embedder.EclipseLogger - skip non existing resourceDirectory G:\Git\ShoppingWebsite\ShoppingWebsite\src\test\resources
2022-03-02 14:21:05,675 [Worker-95: Building] INFO  o.e.m.c.i.embedder.EclipseLogger - Using 'UTF-8' encoding to copy filtered resources.
2022-03-02 14:21:05,675 [Worker-95: Building] INFO  o.e.m.c.i.embedder.EclipseLogger - Using 'UTF-8' encoding to copy filtered properties files.
2022-03-02 14:21:05,676 [Worker-95: Building] INFO  o.e.m.c.i.embedder.EclipseLogger - Copying 1 resource
2022-03-02 14:21:05,686 [Worker-95: Building] INFO  o.e.m.c.i.embedder.EclipseLogger - Copying 13 resources
2022-03-02 14:21:05,691 [Worker-95: Building] INFO  o.e.m.c.i.embedder.EclipseLogger - Using 'UTF-8' encoding to copy filtered resources.
2022-03-02 14:21:05,691 [Worker-95: Building] INFO  o.e.m.c.i.embedder.EclipseLogger - Using 'UTF-8' encoding to copy filtered properties files.
2022-03-02 14:21:05,691 [Worker-95: Building] INFO  o.e.m.c.i.embedder.EclipseLogger - skip non existing resourceDirectory G:\Git\ShoppingWebsite\ShoppingWebsite\src\test\resources
                                                                                                                                                                                                                                                                                                                                                                                                                                                                                                                                                                                                                                                                                                                                                                                                                                                                                                                                                                                                                                                                                                                                                                                                                                                                                                                                                                                                                                                                                                                                                                                                                                                                                                                                                                                                                                                                                                                                                                                                                                                                                                                                                                                                                                                                                                                                                                                                                                                                                                                                                                                                                                                                                                                                                                                                                                                                                                                                                                                                                                                                                                                                                                                                                                                                                                                                                                                                                                                                                                                                                                                                                                                                                                                                                                                                                                                                                                                                                                                                                                                                                                                                                                                                                                                                                                                                                                                                                                                                                                                                                                                                                                                                                                                                                                                                                                                                                                                                                                                                                                                                                                                                                                                                                                                                                                                                                                                                                                                                                                                                                                                                                                                                                                                                                                                                                                                                                                                                                                                                                                                                                                                                                                                                                                                                                                                                                                                                                                                                                                                                                                                                                                                                                                                                                                                                                                                                                                                                                                                                                                                                                                                                                                                                                                                                                                                                                                                                                                                                                                                                                                                                                                                                                                                                                                                                                                                                                                                                                                                                                                                                                                                                                                                                                                                                                                                                                                                                                                                                                                                                                                                                                                                                                                                                                                                                                                                                                                                                                                                                                                                                                                                                                                                                                                                                                                                                                                                                                                                                                                                                                                                                                                                                                                                                                                                                                                                                                                                                                                                                                                                                                                                                                                                                                                                                                                                                                                                                                                                                                                                                                                                                                                                                                                                                                                                                                                                                                                                                 